<?xml version="1.0" encoding="UTF-8"?>
<testng-results skipped="0" failed="0" total="1" passed="1">
  <reporter-output>
  </reporter-output>
  <suite name="Default suite" duration-ms="49167" started-at="2017-03-13T18:53:42Z" finished-at="2017-03-13T18:54:31Z">
    <groups>
    </groups>
    <test name="Default test" duration-ms="49167" started-at="2017-03-13T18:53:42Z" finished-at="2017-03-13T18:54:31Z">
      <class name="com.selenium.week8.greatcourses.tests.GreatCourseRegressionTests">
        <test-method status="PASS" signature="setup()[pri:0, instance:com.selenium.week8.greatcourses.tests.GreatCourseRegressionTests@cc285f4]" name="setup" is-config="true" duration-ms="4261" started-at="2017-03-13T14:53:42Z" finished-at="2017-03-13T14:53:46Z">
          <reporter-output>
          </reporter-output>
        </test-method> <!-- setup -->
        <test-method status="PASS" signature="buyCourseTest()[pri:0, instance:com.selenium.week8.greatcourses.tests.GreatCourseRegressionTests@cc285f4]" name="buyCourseTest" duration-ms="31529" started-at="2017-03-13T14:53:46Z" finished-at="2017-03-13T14:54:18Z">
          <reporter-output>
          </reporter-output>
        </test-method> <!-- buyCourseTest -->
        <test-method status="PASS" signature="teardown()[pri:0, instance:com.selenium.week8.greatcourses.tests.GreatCourseRegressionTests@cc285f4]" name="teardown" is-config="true" duration-ms="13362" started-at="2017-03-13T14:54:18Z" finished-at="2017-03-13T14:54:31Z">
          <reporter-output>
          </reporter-output>
        </test-method> <!-- teardown -->
      </class> <!-- com.selenium.week8.greatcourses.tests.GreatCourseRegressionTests -->
    </test> <!-- Default test -->
  </suite> <!-- Default suite -->
</testng-results>
